{"level":"info","message":"[2023-11-09T10:18:28.490Z] GET /api/getEmpTypeData","timestamp":"2023-11-09T10:18:28.490Z"}
{"level":"info","message":"[2023-11-09T10:18:28.493Z] GET /api/getDeptEmpTypeData","timestamp":"2023-11-09T10:18:28.493Z"}
{"level":"info","message":"[2023-11-09T10:18:28.496Z] GET /api/getDiversityData","timestamp":"2023-11-09T10:18:28.496Z"}
{"level":"info","message":"[2023-11-09T10:18:28.500Z] GET /api/getDeptDiversityData","timestamp":"2023-11-09T10:18:28.500Z"}
{"level":"info","message":"[2023-11-09T10:18:28.504Z] GET /api/getDOJData","timestamp":"2023-11-09T10:18:28.504Z"}
{"level":"info","message":"[2023-11-09T10:18:28.514Z] GET /api/getLocationData","timestamp":"2023-11-09T10:18:28.514Z"}
{"level":"info","message":"[2023-11-09T10:18:28.546Z] GET /api/getDeptLocationData","timestamp":"2023-11-09T10:18:28.546Z"}
{"level":"info","message":"[2023-11-09T10:18:28.551Z] GET /api/getDOLData","timestamp":"2023-11-09T10:18:28.551Z"}
{"level":"info","message":"Server is running on port 5000","timestamp":"2023-11-09T10:19:03.447Z"}
{"level":"info","message":"[2023-11-09T10:19:18.301Z] GET /api/getEmpTypeData","timestamp":"2023-11-09T10:19:18.301Z"}
{"level":"info","message":"[2023-11-09T10:19:18.358Z] GET /api/getDOJData","timestamp":"2023-11-09T10:19:18.358Z"}
{"level":"info","message":"[2023-11-09T10:19:18.367Z] GET /api/getDeptEmpTypeData","timestamp":"2023-11-09T10:19:18.367Z"}
{"level":"info","message":"[2023-11-09T10:19:18.372Z] GET /api/getDiversityData","timestamp":"2023-11-09T10:19:18.372Z"}
{"level":"info","message":"[2023-11-09T10:19:18.376Z] GET /api/getDeptDiversityData","timestamp":"2023-11-09T10:19:18.376Z"}
{"level":"info","message":"[2023-11-09T10:19:18.380Z] GET /api/getLocationData","timestamp":"2023-11-09T10:19:18.380Z"}
{"level":"info","message":"[2023-11-09T10:19:18.424Z] GET /api/getDeptLocationData","timestamp":"2023-11-09T10:19:18.424Z"}
{"level":"info","message":"[2023-11-09T10:19:18.441Z] GET /api/getDOLData","timestamp":"2023-11-09T10:19:18.441Z"}
{"level":"info","message":"[2023-11-09T10:22:08.151Z] GET /api/getEmployees","timestamp":"2023-11-09T10:22:08.156Z"}
{"level":"info","message":"[2023-11-09T10:22:59.903Z] GET /api/getEmployees","timestamp":"2023-11-09T10:22:59.903Z"}
{"level":"info","message":"[2023-11-09T10:23:02.921Z] GET /api/getEmployees","timestamp":"2023-11-09T10:23:02.921Z"}
{"level":"info","message":"[2023-11-09T10:23:04.802Z] GET /api/getEmployees","timestamp":"2023-11-09T10:23:04.802Z"}
{"level":"info","message":"[2023-11-09T10:23:07.420Z] GET /api/getEmployees","timestamp":"2023-11-09T10:23:07.420Z"}
{"level":"info","message":"[2023-11-09T10:23:38.201Z] GET /api/getEmployees","timestamp":"2023-11-09T10:23:38.201Z"}
{"level":"info","message":"[2023-11-09T10:23:38.516Z] GET /api/getEmployees","timestamp":"2023-11-09T10:23:38.516Z"}
{"level":"info","message":"[2023-11-09T10:23:40.603Z] GET /api/getEmployees","timestamp":"2023-11-09T10:23:40.603Z"}
{"level":"info","message":"[2023-11-09T10:23:51.612Z] GET /api/getEmployees","timestamp":"2023-11-09T10:23:51.612Z"}
{"level":"info","message":"[2023-11-09T10:23:55.437Z] GET /api/getEmployees","timestamp":"2023-11-09T10:23:55.437Z"}
{"level":"info","message":"[2023-11-09T10:25:45.918Z] GET /api/getEmployees","timestamp":"2023-11-09T10:25:45.918Z"}
{"level":"info","message":"[2023-11-09T10:25:53.921Z] GET /api/getEmployees","timestamp":"2023-11-09T10:25:53.921Z"}
{"level":"info","message":"[2023-11-09T10:25:59.711Z] GET /api/getEmployees","timestamp":"2023-11-09T10:25:59.711Z"}
{"level":"info","message":"[2023-11-09T10:26:04.714Z] OPTIONS /api/updateEmployees","timestamp":"2023-11-09T10:26:04.714Z"}
{"level":"info","message":"[2023-11-09T10:26:04.721Z] POST /api/updateEmployees","timestamp":"2023-11-09T10:26:04.722Z"}
{"level":"info","message":"[2023-11-09T10:26:11.483Z] OPTIONS /api/updateEmployees","timestamp":"2023-11-09T10:26:11.483Z"}
{"level":"info","message":"[2023-11-09T10:26:11.485Z] POST /api/updateEmployees","timestamp":"2023-11-09T10:26:11.485Z"}
{"level":"info","message":"[2023-11-09T10:26:16.758Z] OPTIONS /api/updateEmployees","timestamp":"2023-11-09T10:26:16.758Z"}
{"level":"info","message":"[2023-11-09T10:26:16.761Z] POST /api/updateEmployees","timestamp":"2023-11-09T10:26:16.761Z"}
{"level":"info","message":"[2023-11-09T10:26:38.917Z] GET /api/getEmployees","timestamp":"2023-11-09T10:26:38.917Z"}
{"level":"info","message":"[2023-11-09T10:31:31.613Z] GET /api/getEmployees","timestamp":"2023-11-09T10:31:31.615Z"}
{"level":"info","message":"[2023-11-09T10:31:57.384Z] GET /api/getEmployees","timestamp":"2023-11-09T10:31:57.384Z"}
{"level":"info","message":"[2023-11-09T10:32:03.070Z] GET /api/getEmployees","timestamp":"2023-11-09T10:32:03.070Z"}
{"level":"info","message":"[2023-11-09T10:32:17.858Z] OPTIONS /api/updateEmployees","timestamp":"2023-11-09T10:32:17.858Z"}
{"level":"info","message":"[2023-11-09T10:32:17.863Z] POST /api/updateEmployees","timestamp":"2023-11-09T10:32:17.863Z"}
{"level":"info","message":"[2023-11-09T10:32:17.880Z] POST /api/updateEmployees","timestamp":"2023-11-09T10:32:17.880Z"}
{"level":"info","message":"[2023-11-09T10:32:19.821Z] POST /api/updateEmployees","timestamp":"2023-11-09T10:32:19.821Z"}
{"level":"info","message":"[2023-11-09T10:32:28.440Z] OPTIONS /api/updateEmployees","timestamp":"2023-11-09T10:32:28.440Z"}
{"level":"info","message":"[2023-11-09T10:32:28.443Z] POST /api/updateEmployees","timestamp":"2023-11-09T10:32:28.443Z"}
{"level":"info","message":"[2023-11-09T10:33:29.953Z] GET /api/getEmployees","timestamp":"2023-11-09T10:33:29.954Z"}
{"level":"info","message":"[2023-11-09T10:33:44.211Z] OPTIONS /api/updateEmployees","timestamp":"2023-11-09T10:33:44.211Z"}
{"level":"info","message":"[2023-11-09T10:33:44.215Z] POST /api/updateEmployees","timestamp":"2023-11-09T10:33:44.215Z"}
{"level":"info","message":"[2023-11-09T10:33:50.357Z] OPTIONS /api/updateEmployees","timestamp":"2023-11-09T10:33:50.357Z"}
{"level":"info","message":"[2023-11-09T10:33:50.359Z] POST /api/updateEmployees","timestamp":"2023-11-09T10:33:50.359Z"}
{"level":"info","message":"[2023-11-09T10:33:52.207Z] POST /api/updateEmployees","timestamp":"2023-11-09T10:33:52.207Z"}
{"level":"info","message":"[2023-11-09T10:34:00.780Z] OPTIONS /api/updateEmployees","timestamp":"2023-11-09T10:34:00.780Z"}
{"level":"info","message":"[2023-11-09T10:34:00.782Z] POST /api/updateEmployees","timestamp":"2023-11-09T10:34:00.782Z"}
{"level":"info","message":"[2023-11-09T13:12:51.927Z] GET /api/getEmployees","timestamp":"2023-11-09T13:12:51.928Z"}
{"level":"info","message":"[2023-11-09T13:12:54.819Z] GET /api/getEmployees","timestamp":"2023-11-09T13:12:54.819Z"}
{"level":"info","message":"[2023-11-09T13:17:42.916Z] GET /api/getEmployees","timestamp":"2023-11-09T13:17:42.916Z"}
{"level":"info","message":"[2023-11-09T13:40:16.372Z] GET /api/getEmployees","timestamp":"2023-11-09T13:40:16.372Z"}
{"level":"info","message":"[2023-11-09T13:40:34.647Z] OPTIONS /api/updateEmployees","timestamp":"2023-11-09T13:40:34.647Z"}
{"level":"info","message":"[2023-11-09T13:40:34.652Z] POST /api/updateEmployees","timestamp":"2023-11-09T13:40:34.652Z"}
{"level":"info","message":"[2023-11-09T13:40:40.462Z] OPTIONS /api/updateEmployees","timestamp":"2023-11-09T13:40:40.462Z"}
{"level":"info","message":"[2023-11-09T13:40:40.465Z] POST /api/updateEmployees","timestamp":"2023-11-09T13:40:40.465Z"}
{"level":"info","message":"[2023-11-09T15:42:02.507Z] OPTIONS /api/updateEmployees","timestamp":"2023-11-09T15:42:02.515Z"}
{"level":"info","message":"[2023-11-09T15:42:02.564Z] POST /api/updateEmployees","timestamp":"2023-11-09T15:42:02.564Z"}
{"level":"info","message":"[2023-11-09T15:42:04.615Z] POST /api/updateEmployees","timestamp":"2023-11-09T15:42:04.615Z"}
{"level":"info","message":"[2023-11-09T15:42:10.028Z] OPTIONS /api/updateEmployees","timestamp":"2023-11-09T15:42:10.028Z"}
{"level":"info","message":"[2023-11-09T15:42:10.031Z] POST /api/updateEmployees","timestamp":"2023-11-09T15:42:10.031Z"}
{"level":"info","message":"[2023-11-09T15:43:10.106Z] GET /api/getEmployees","timestamp":"2023-11-09T15:43:10.107Z"}
{"level":"info","message":"[2023-11-09T18:55:00.995Z] GET /api/getEmployees","timestamp":"2023-11-09T18:55:00.996Z"}
{"level":"info","message":"[2023-11-09T18:55:41.869Z] GET /api/getEmployees","timestamp":"2023-11-09T18:55:41.869Z"}
{"level":"info","message":"[2023-11-09T18:55:48.747Z] GET /api/getEmployees","timestamp":"2023-11-09T18:55:48.747Z"}
{"level":"info","message":"[2023-11-09T19:13:16.134Z] GET /api/getEmployees","timestamp":"2023-11-09T19:13:16.138Z"}
{"level":"info","message":"[2023-11-09T19:19:38.762Z] GET /api/getEmployees","timestamp":"2023-11-09T19:19:38.763Z"}
{"level":"info","message":"[2023-11-09T19:19:54.710Z] GET /api/getEmployees","timestamp":"2023-11-09T19:19:54.710Z"}
{"level":"info","message":"[2023-11-09T19:19:55.877Z] GET /api/getEmployees","timestamp":"2023-11-09T19:19:55.877Z"}
{"level":"info","message":"[2023-11-09T19:27:31.804Z] GET /api/getEmployees","timestamp":"2023-11-09T19:27:31.805Z"}
{"level":"info","message":"[2023-11-09T19:27:41.445Z] GET /api/getEmployees","timestamp":"2023-11-09T19:27:41.445Z"}
{"level":"info","message":"[2023-11-09T19:28:44.715Z] GET /api/getEmployees","timestamp":"2023-11-09T19:28:44.715Z"}
{"level":"info","message":"[2023-11-09T19:29:02.778Z] GET /api/getEmployees","timestamp":"2023-11-09T19:29:02.778Z"}
{"level":"info","message":"[2023-11-09T19:29:04.714Z] GET /api/getEmployees","timestamp":"2023-11-09T19:29:04.714Z"}
{"level":"info","message":"[2023-11-09T19:34:13.694Z] GET /api/getEmployees","timestamp":"2023-11-09T19:34:13.695Z"}
{"level":"info","message":"[2023-11-09T19:34:33.862Z] GET /api/getEmployees","timestamp":"2023-11-09T19:34:33.862Z"}
{"level":"info","message":"[2023-11-09T19:34:46.844Z] GET /api/getEmployees","timestamp":"2023-11-09T19:34:46.844Z"}
{"level":"info","message":"[2023-11-09T19:46:15.807Z] GET /api/getEmployees","timestamp":"2023-11-09T19:46:15.809Z"}
{"level":"info","message":"[2023-11-09T19:46:35.463Z] GET /api/getEmployees","timestamp":"2023-11-09T19:46:35.463Z"}
{"level":"info","message":"[2023-11-09T19:46:48.277Z] GET /api/getEmployees","timestamp":"2023-11-09T19:46:48.277Z"}
{"level":"info","message":"[2023-11-09T19:46:50.848Z] GET /api/getEmployees","timestamp":"2023-11-09T19:46:50.848Z"}
{"level":"info","message":"[2023-11-09T19:47:03.705Z] GET /api/getEmployees","timestamp":"2023-11-09T19:47:03.705Z"}
{"level":"info","message":"[2023-11-09T19:48:44.838Z] GET /api/getEmployees","timestamp":"2023-11-09T19:48:44.838Z"}
{"level":"info","message":"[2023-11-09T19:48:53.704Z] GET /api/getEmployees","timestamp":"2023-11-09T19:48:53.704Z"}
{"level":"info","message":"[2023-11-09T19:49:03.717Z] GET /api/getEmployees","timestamp":"2023-11-09T19:49:03.717Z"}
{"level":"info","message":"[2023-11-09T19:53:26.728Z] GET /api/getEmployees","timestamp":"2023-11-09T19:53:26.728Z"}
{"level":"info","message":"[2023-11-09T19:53:29.901Z] GET /api/getEmployees","timestamp":"2023-11-09T19:53:29.901Z"}
{"level":"info","message":"[2023-11-09T19:53:54.697Z] GET /api/getEmployees","timestamp":"2023-11-09T19:53:54.697Z"}
{"level":"info","message":"[2023-11-09T19:54:00.694Z] GET /api/getEmployees","timestamp":"2023-11-09T19:54:00.694Z"}
{"level":"info","message":"[2023-11-09T19:54:08.691Z] GET /api/getEmployees","timestamp":"2023-11-09T19:54:08.691Z"}
{"level":"info","message":"[2023-11-09T19:54:11.706Z] GET /api/getEmployees","timestamp":"2023-11-09T19:54:11.706Z"}
{"level":"info","message":"[2023-11-09T19:54:13.696Z] GET /api/getEmployees","timestamp":"2023-11-09T19:54:13.696Z"}
{"level":"info","message":"[2023-11-09T19:54:16.697Z] GET /api/getEmployees","timestamp":"2023-11-09T19:54:16.697Z"}
{"level":"info","message":"[2023-11-09T19:54:17.707Z] GET /api/getEmployees","timestamp":"2023-11-09T19:54:17.707Z"}
{"level":"info","message":"[2023-11-09T19:54:19.704Z] GET /api/getEmployees","timestamp":"2023-11-09T19:54:19.704Z"}
{"level":"info","message":"[2023-11-09T19:54:22.703Z] GET /api/getEmployees","timestamp":"2023-11-09T19:54:22.704Z"}
{"level":"info","message":"[2023-11-09T19:54:35.349Z] GET /api/getEmployees","timestamp":"2023-11-09T19:54:35.349Z"}
{"level":"info","message":"[2023-11-09T19:56:30.524Z] GET /api/getEmployees","timestamp":"2023-11-09T19:56:30.524Z"}
{"level":"info","message":"[2023-11-09T19:56:33.293Z] GET /api/getEmployees","timestamp":"2023-11-09T19:56:33.294Z"}
{"level":"info","message":"[2023-11-09T20:01:36.943Z] GET /api/getEmployees","timestamp":"2023-11-09T20:01:36.944Z"}
{"level":"info","message":"[2023-11-09T20:06:38.636Z] GET /api/getEmployees","timestamp":"2023-11-09T20:06:38.636Z"}
{"level":"info","message":"[2023-11-09T20:07:19.143Z] GET /api/getEmployees","timestamp":"2023-11-09T20:07:19.143Z"}
{"level":"info","message":"[2023-11-09T20:07:48.818Z] GET /api/getEmployees","timestamp":"2023-11-09T20:07:48.818Z"}
{"level":"info","message":"[2023-11-09T20:08:20.701Z] GET /api/getEmployees","timestamp":"2023-11-09T20:08:20.701Z"}
{"level":"info","message":"[2023-11-09T20:27:34.578Z] GET /api/getEmployees","timestamp":"2023-11-09T20:27:34.583Z"}
{"level":"info","message":"[2023-11-09T20:27:45.672Z] GET /api/getEmployees","timestamp":"2023-11-09T20:27:45.672Z"}
{"level":"info","message":"[2023-11-09T20:27:50.132Z] GET /api/getEmployees","timestamp":"2023-11-09T20:27:50.133Z"}
{"level":"info","message":"[2023-11-09T20:27:52.975Z] GET /api/getEmployees","timestamp":"2023-11-09T20:27:52.975Z"}
{"level":"info","message":"[2023-11-09T20:36:09.814Z] GET /api/getEmployees","timestamp":"2023-11-09T20:36:09.817Z"}
{"level":"info","message":"[2023-11-09T20:36:42.874Z] GET /api/getEmployees","timestamp":"2023-11-09T20:36:42.874Z"}
{"level":"info","message":"[2023-11-09T21:08:51.843Z] GET /api/getEmployees","timestamp":"2023-11-09T21:08:51.849Z"}
{"level":"info","message":"[2023-11-09T21:08:54.689Z] GET /api/getEmployees","timestamp":"2023-11-09T21:08:54.690Z"}
{"level":"info","message":"[2023-11-09T21:08:55.667Z] GET /api/getEmployees","timestamp":"2023-11-09T21:08:55.667Z"}
{"level":"info","message":"[2023-11-09T21:10:12.391Z] GET /api/getEmployees","timestamp":"2023-11-09T21:10:12.391Z"}
{"level":"info","message":"[2023-11-09T21:11:50.694Z] GET /api/getEmployees","timestamp":"2023-11-09T21:11:50.694Z"}
{"level":"info","message":"[2023-11-09T21:11:58.872Z] GET /api/getEmployees","timestamp":"2023-11-09T21:11:58.872Z"}
{"level":"info","message":"[2023-11-09T21:12:02.685Z] OPTIONS /api/updateEmployees","timestamp":"2023-11-09T21:12:02.685Z"}
{"level":"info","message":"[2023-11-09T21:12:02.691Z] POST /api/updateEmployees","timestamp":"2023-11-09T21:12:02.691Z"}
{"level":"info","message":"[2023-11-09T21:12:03.220Z] POST /api/updateEmployees","timestamp":"2023-11-09T21:12:03.220Z"}
{"level":"info","message":"[2023-11-09T21:12:03.418Z] POST /api/updateEmployees","timestamp":"2023-11-09T21:12:03.418Z"}
{"level":"info","message":"[2023-11-09T21:12:03.584Z] POST /api/updateEmployees","timestamp":"2023-11-09T21:12:03.584Z"}
{"level":"info","message":"[2023-11-09T21:12:03.746Z] POST /api/updateEmployees","timestamp":"2023-11-09T21:12:03.746Z"}
{"level":"info","message":"[2023-11-09T21:12:04.282Z] POST /api/updateEmployees","timestamp":"2023-11-09T21:12:04.282Z"}
{"level":"info","message":"[2023-11-09T21:12:04.474Z] POST /api/updateEmployees","timestamp":"2023-11-09T21:12:04.474Z"}
{"level":"info","message":"[2023-11-09T21:12:04.578Z] POST /api/updateEmployees","timestamp":"2023-11-09T21:12:04.578Z"}
{"level":"info","message":"[2023-11-09T21:12:04.711Z] POST /api/updateEmployees","timestamp":"2023-11-09T21:12:04.711Z"}
{"level":"info","message":"[2023-11-09T21:12:04.885Z] POST /api/updateEmployees","timestamp":"2023-11-09T21:12:04.885Z"}
{"level":"info","message":"[2023-11-09T21:12:04.988Z] POST /api/updateEmployees","timestamp":"2023-11-09T21:12:04.988Z"}
{"level":"info","message":"[2023-11-09T21:12:05.161Z] POST /api/updateEmployees","timestamp":"2023-11-09T21:12:05.161Z"}
{"level":"info","message":"[2023-11-09T21:12:05.339Z] POST /api/updateEmployees","timestamp":"2023-11-09T21:12:05.339Z"}
{"level":"info","message":"[2023-11-09T21:12:05.554Z] POST /api/updateEmployees","timestamp":"2023-11-09T21:12:05.554Z"}
{"level":"info","message":"[2023-11-09T21:12:05.685Z] POST /api/updateEmployees","timestamp":"2023-11-09T21:12:05.685Z"}
{"level":"info","message":"[2023-11-09T21:12:05.892Z] POST /api/updateEmployees","timestamp":"2023-11-09T21:12:05.892Z"}
{"level":"info","message":"[2023-11-09T21:12:05.997Z] POST /api/updateEmployees","timestamp":"2023-11-09T21:12:05.997Z"}
{"level":"info","message":"[2023-11-09T21:12:06.824Z] POST /api/updateEmployees","timestamp":"2023-11-09T21:12:06.824Z"}
{"level":"info","message":"[2023-11-09T21:12:59.673Z] GET /api/getEmployees","timestamp":"2023-11-09T21:12:59.673Z"}
{"level":"info","message":"[2023-11-09T21:13:02.687Z] GET /api/getEmployees","timestamp":"2023-11-09T21:13:02.687Z"}
{"level":"info","message":"[2023-11-09T21:14:18.683Z] GET /api/getEmployees","timestamp":"2023-11-09T21:14:18.683Z"}
{"level":"info","message":"Server is running on port 5000","timestamp":"2023-11-09T21:16:14.156Z"}
{"level":"info","message":"[2023-11-09T21:16:19.050Z] OPTIONS /api/updateEmployees","timestamp":"2023-11-09T21:16:19.050Z"}
{"level":"info","message":"[2023-11-09T21:16:19.057Z] POST /api/updateEmployees","timestamp":"2023-11-09T21:16:19.057Z"}
{"level":"info","message":"[2023-11-09T21:16:19.373Z] POST /api/updateEmployees","timestamp":"2023-11-09T21:16:19.373Z"}
{"level":"info","message":"[2023-11-09T21:16:19.572Z] POST /api/updateEmployees","timestamp":"2023-11-09T21:16:19.572Z"}
{"level":"info","message":"[2023-11-09T21:16:19.737Z] POST /api/updateEmployees","timestamp":"2023-11-09T21:16:19.737Z"}
{"level":"info","message":"[2023-11-09T21:16:19.928Z] POST /api/updateEmployees","timestamp":"2023-11-09T21:16:19.928Z"}
{"level":"info","message":"[2023-11-09T21:16:20.465Z] POST /api/updateEmployees","timestamp":"2023-11-09T21:16:20.465Z"}
{"level":"info","message":"[2023-11-09T21:16:21.169Z] POST /api/updateEmployees","timestamp":"2023-11-09T21:16:21.169Z"}
{"level":"info","message":"[2023-11-09T21:16:22.599Z] POST /api/updateEmployees","timestamp":"2023-11-09T21:16:22.599Z"}
{"level":"info","message":"[2023-11-09T21:16:22.760Z] POST /api/updateEmployees","timestamp":"2023-11-09T21:16:22.760Z"}
{"level":"info","message":"[2023-11-09T21:16:22.900Z] POST /api/updateEmployees","timestamp":"2023-11-09T21:16:22.900Z"}
{"level":"info","message":"[2023-11-09T21:16:23.037Z] POST /api/updateEmployees","timestamp":"2023-11-09T21:16:23.037Z"}
{"level":"info","message":"[2023-11-09T21:16:23.108Z] POST /api/updateEmployees","timestamp":"2023-11-09T21:16:23.108Z"}
{"level":"info","message":"[2023-11-09T21:16:23.234Z] POST /api/updateEmployees","timestamp":"2023-11-09T21:16:23.234Z"}
{"level":"info","message":"Server is running on port 5000","timestamp":"2023-11-09T21:16:58.430Z"}
{"level":"info","message":"[2023-11-09T21:17:02.818Z] GET /api/getEmployees","timestamp":"2023-11-09T21:17:02.818Z"}
{"level":"info","message":"[2023-11-09T21:17:05.421Z] OPTIONS /api/updateEmployees","timestamp":"2023-11-09T21:17:05.421Z"}
{"level":"info","message":"[2023-11-09T21:17:05.425Z] POST /api/updateEmployees","timestamp":"2023-11-09T21:17:05.425Z"}
{"level":"info","message":"[2023-11-09T21:17:05.779Z] POST /api/updateEmployees","timestamp":"2023-11-09T21:17:05.779Z"}
{"level":"info","message":"[2023-11-09T21:17:05.953Z] POST /api/updateEmployees","timestamp":"2023-11-09T21:17:05.953Z"}
{"level":"info","message":"[2023-11-09T21:17:06.115Z] POST /api/updateEmployees","timestamp":"2023-11-09T21:17:06.115Z"}
{"level":"info","message":"Server is running on port 5000","timestamp":"2023-11-09T21:17:27.975Z"}
{"level":"info","message":"[2023-11-09T21:17:29.729Z] OPTIONS /api/updateEmployees","timestamp":"2023-11-09T21:17:29.729Z"}
{"level":"info","message":"[2023-11-09T21:17:29.737Z] POST /api/updateEmployees","timestamp":"2023-11-09T21:17:29.737Z"}
{"level":"info","message":"Server is running on port 5000","timestamp":"2023-11-09T21:17:46.722Z"}
{"level":"info","message":"[2023-11-09T21:17:48.740Z] OPTIONS /api/updateEmployees","timestamp":"2023-11-09T21:17:48.740Z"}
{"level":"info","message":"[2023-11-09T21:17:48.749Z] POST /api/updateEmployees","timestamp":"2023-11-09T21:17:48.749Z"}
{"level":"info","message":"Server is running on port 5000","timestamp":"2023-11-09T21:19:40.412Z"}
{"level":"info","message":"[2023-11-09T21:19:43.706Z] OPTIONS /api/updateEmployees","timestamp":"2023-11-09T21:19:43.706Z"}
{"level":"info","message":"[2023-11-09T21:19:43.712Z] POST /api/updateEmployees","timestamp":"2023-11-09T21:19:43.712Z"}
{"level":"info","message":"Server is running on port 5000","timestamp":"2023-11-09T21:19:56.343Z"}
{"level":"info","message":"[2023-11-09T21:19:58.422Z] OPTIONS /api/updateEmployees","timestamp":"2023-11-09T21:19:58.422Z"}
{"level":"info","message":"[2023-11-09T21:19:58.428Z] POST /api/updateEmployees","timestamp":"2023-11-09T21:19:58.428Z"}
{"level":"info","message":"Server is running on port 5000","timestamp":"2023-11-09T21:20:15.794Z"}
{"level":"info","message":"[2023-11-09T21:20:17.118Z] OPTIONS /api/updateEmployees","timestamp":"2023-11-09T21:20:17.118Z"}
{"level":"info","message":"[2023-11-09T21:20:17.124Z] POST /api/updateEmployees","timestamp":"2023-11-09T21:20:17.124Z"}
{"level":"info","message":"Server is running on port 5000","timestamp":"2023-11-09T21:20:40.601Z"}
{"level":"info","message":"[2023-11-09T21:20:42.800Z] OPTIONS /api/updateEmployees","timestamp":"2023-11-09T21:20:42.800Z"}
{"level":"info","message":"[2023-11-09T21:20:42.806Z] POST /api/updateEmployees","timestamp":"2023-11-09T21:20:42.806Z"}
{"level":"info","message":"Server is running on port 5000","timestamp":"2023-11-09T21:20:54.270Z"}
{"level":"info","message":"[2023-11-09T21:20:55.790Z] OPTIONS /api/updateEmployees","timestamp":"2023-11-09T21:20:55.790Z"}
{"level":"info","message":"[2023-11-09T21:20:55.798Z] POST /api/updateEmployees","timestamp":"2023-11-09T21:20:55.798Z"}
{"level":"info","message":"Server is running on port 5000","timestamp":"2023-11-09T21:21:15.931Z"}
{"level":"info","message":"[2023-11-09T21:21:17.996Z] OPTIONS /api/updateEmployees","timestamp":"2023-11-09T21:21:17.996Z"}
{"level":"info","message":"[2023-11-09T21:21:18.003Z] POST /api/updateEmployees","timestamp":"2023-11-09T21:21:18.003Z"}
{"level":"info","message":"Server is running on port 5000","timestamp":"2023-11-09T21:21:46.526Z"}
{"level":"info","message":"[2023-11-09T21:21:49.364Z] OPTIONS /api/updateEmployees","timestamp":"2023-11-09T21:21:49.364Z"}
{"level":"info","message":"[2023-11-09T21:21:49.371Z] POST /api/updateEmployees","timestamp":"2023-11-09T21:21:49.371Z"}
{"level":"info","message":"[2023-11-09T21:23:00.689Z] GET /api/getEmployees","timestamp":"2023-11-09T21:23:00.689Z"}
{"level":"info","message":"[2023-11-09T21:23:00.769Z] OPTIONS /api/updateEmployees","timestamp":"2023-11-09T21:23:00.769Z"}
{"level":"info","message":"[2023-11-09T21:23:00.771Z] POST /api/updateEmployees","timestamp":"2023-11-09T21:23:00.771Z"}
{"level":"info","message":"[2023-11-09T21:23:04.699Z] GET /api/getEmployees","timestamp":"2023-11-09T21:23:04.699Z"}
{"level":"info","message":"[2023-11-09T21:23:06.669Z] OPTIONS /api/updateEmployees","timestamp":"2023-11-09T21:23:06.669Z"}
{"level":"info","message":"[2023-11-09T21:23:06.672Z] POST /api/updateEmployees","timestamp":"2023-11-09T21:23:06.673Z"}
{"level":"info","message":"[2023-11-09T21:23:39.667Z] GET /api/getEmployees","timestamp":"2023-11-09T21:23:39.667Z"}
{"level":"info","message":"[2023-11-09T21:23:39.713Z] OPTIONS /api/updateEmployees","timestamp":"2023-11-09T21:23:39.713Z"}
{"level":"info","message":"[2023-11-09T21:23:39.716Z] POST /api/updateEmployees","timestamp":"2023-11-09T21:23:39.716Z"}
{"level":"info","message":"[2023-11-09T21:23:41.679Z] GET /api/getEmployees","timestamp":"2023-11-09T21:23:41.679Z"}
{"level":"info","message":"[2023-11-09T21:23:45.666Z] GET /api/getEmployees","timestamp":"2023-11-09T21:23:45.666Z"}
{"level":"info","message":"[2023-11-09T21:23:47.483Z] GET /api/getEmployees","timestamp":"2023-11-09T21:23:47.483Z"}
{"level":"info","message":"[2023-11-09T21:23:49.077Z] OPTIONS /api/updateEmployees","timestamp":"2023-11-09T21:23:49.077Z"}
{"level":"info","message":"[2023-11-09T21:24:31.672Z] GET /api/getEmployees","timestamp":"2023-11-09T21:24:31.672Z"}
{"level":"info","message":"[2023-11-09T21:24:44.671Z] GET /api/getEmployees","timestamp":"2023-11-09T21:24:44.671Z"}
{"level":"info","message":"[2023-11-09T21:24:52.672Z] GET /api/getEmployees","timestamp":"2023-11-09T21:24:52.672Z"}
{"level":"info","message":"[2023-11-09T21:24:59.679Z] GET /api/getEmployees","timestamp":"2023-11-09T21:24:59.679Z"}
{"level":"info","message":"[2023-11-09T21:25:02.666Z] GET /api/getEmployees","timestamp":"2023-11-09T21:25:02.666Z"}
{"level":"info","message":"[2023-11-09T21:25:13.074Z] GET /api/getEmployees","timestamp":"2023-11-09T21:25:13.074Z"}
{"level":"info","message":"[2023-11-09T21:25:18.316Z] OPTIONS /api/updateEmployees","timestamp":"2023-11-09T21:25:18.316Z"}
{"level":"info","message":"[2023-11-09T21:25:18.320Z] POST /api/updateEmployees","timestamp":"2023-11-09T21:25:18.320Z"}
{"level":"info","message":"[2023-11-09T21:25:22.648Z] POST /api/updateEmployees","timestamp":"2023-11-09T21:25:22.648Z"}
{"level":"info","message":"[2023-11-09T21:25:29.927Z] OPTIONS /api/updateEmployees","timestamp":"2023-11-09T21:25:29.927Z"}
{"level":"info","message":"[2023-11-09T21:25:29.929Z] POST /api/updateEmployees","timestamp":"2023-11-09T21:25:29.929Z"}
{"level":"info","message":"[2023-11-09T21:25:35.836Z] GET /api/getEmployees","timestamp":"2023-11-09T21:25:35.836Z"}
{"level":"info","message":"[2023-11-09T21:25:39.906Z] OPTIONS /api/updateEmployees","timestamp":"2023-11-09T21:25:39.906Z"}
{"level":"info","message":"[2023-11-09T21:25:39.908Z] POST /api/updateEmployees","timestamp":"2023-11-09T21:25:39.908Z"}
{"level":"info","message":"[2023-11-09T21:25:43.583Z] POST /api/updateEmployees","timestamp":"2023-11-09T21:25:43.583Z"}
{"level":"info","message":"[2023-11-09T21:25:48.087Z] OPTIONS /api/updateEmployees","timestamp":"2023-11-09T21:25:48.087Z"}
{"level":"info","message":"[2023-11-09T21:25:48.089Z] POST /api/updateEmployees","timestamp":"2023-11-09T21:25:48.089Z"}
{"level":"info","message":"[2023-11-09T21:25:54.137Z] OPTIONS /api/updateEmployees","timestamp":"2023-11-09T21:25:54.137Z"}
{"level":"info","message":"[2023-11-09T21:25:54.139Z] POST /api/updateEmployees","timestamp":"2023-11-09T21:25:54.139Z"}
{"level":"info","message":"[2023-11-09T21:26:12.856Z] OPTIONS /api/updateEmployees","timestamp":"2023-11-09T21:26:12.856Z"}
{"level":"info","message":"[2023-11-09T21:26:12.860Z] POST /api/updateEmployees","timestamp":"2023-11-09T21:26:12.860Z"}
{"level":"info","message":"[2023-11-09T21:26:16.653Z] GET /api/getEmployees","timestamp":"2023-11-09T21:26:16.653Z"}
{"level":"info","message":"[2023-11-09T21:26:22.375Z] GET /api/getEmployees","timestamp":"2023-11-09T21:26:22.375Z"}
{"level":"info","message":"[2023-11-09T21:26:32.759Z] GET /api/getEmpTypeData","timestamp":"2023-11-09T21:26:32.759Z"}
{"level":"info","message":"[2023-11-09T21:26:32.760Z] GET /api/getDiversityData","timestamp":"2023-11-09T21:26:32.760Z"}
{"level":"info","message":"[2023-11-09T21:26:32.761Z] GET /api/getDeptEmpTypeData","timestamp":"2023-11-09T21:26:32.761Z"}
{"level":"info","message":"[2023-11-09T21:26:32.763Z] GET /api/getLocationData","timestamp":"2023-11-09T21:26:32.763Z"}
{"level":"info","message":"[2023-11-09T21:26:32.764Z] GET /api/getDeptDiversityData","timestamp":"2023-11-09T21:26:32.764Z"}
{"level":"info","message":"[2023-11-09T21:26:32.767Z] GET /api/getDOJData","timestamp":"2023-11-09T21:26:32.767Z"}
{"level":"info","message":"[2023-11-09T21:26:32.768Z] GET /api/getDeptLocationData","timestamp":"2023-11-09T21:26:32.768Z"}
{"level":"info","message":"[2023-11-09T21:26:32.769Z] GET /api/getDOLData","timestamp":"2023-11-09T21:26:32.769Z"}
{"level":"info","message":"[2023-11-09T21:26:34.366Z] GET /api/getEmployees","timestamp":"2023-11-09T21:26:34.366Z"}
{"level":"info","message":"[2023-11-09T21:29:36.180Z] GET /api/getEmployees","timestamp":"2023-11-09T21:29:36.180Z"}
{"level":"info","message":"[2023-11-09T21:29:42.897Z] OPTIONS /api/updateEmployees","timestamp":"2023-11-09T21:29:42.897Z"}
{"level":"info","message":"[2023-11-09T21:29:42.900Z] POST /api/updateEmployees","timestamp":"2023-11-09T21:29:42.900Z"}
{"level":"info","message":"[2023-11-09T21:29:44.812Z] POST /api/updateEmployees","timestamp":"2023-11-09T21:29:44.812Z"}
{"level":"info","message":"[2023-11-09T21:30:25.294Z] OPTIONS /api/updateEmployees","timestamp":"2023-11-09T21:30:25.295Z"}
{"level":"info","message":"[2023-11-09T21:30:25.297Z] POST /api/updateEmployees","timestamp":"2023-11-09T21:30:25.297Z"}
{"level":"info","message":"[2023-11-09T21:30:28.671Z] POST /api/updateEmployees","timestamp":"2023-11-09T21:30:28.671Z"}
{"level":"info","message":"[2023-11-09T21:30:45.110Z] OPTIONS /api/updateEmployees","timestamp":"2023-11-09T21:30:45.110Z"}
{"level":"info","message":"[2023-11-09T21:30:45.114Z] POST /api/updateEmployees","timestamp":"2023-11-09T21:30:45.114Z"}
{"level":"info","message":"[2023-11-09T21:30:46.753Z] POST /api/updateEmployees","timestamp":"2023-11-09T21:30:46.753Z"}
{"level":"info","message":"[2023-11-09T21:30:58.669Z] GET /api/getEmployees","timestamp":"2023-11-09T21:30:58.669Z"}
{"level":"info","message":"Server is running on port 5000","timestamp":"2023-11-09T21:32:04.325Z"}
{"level":"info","message":"[2023-11-09T21:32:09.223Z] OPTIONS /api/updateEmployees","timestamp":"2023-11-09T21:32:09.223Z"}
{"level":"info","message":"[2023-11-09T21:32:09.230Z] POST /api/updateEmployees","timestamp":"2023-11-09T21:32:09.230Z"}
{"level":"info","message":"[2023-11-09T21:32:10.241Z] POST /api/updateEmployees","timestamp":"2023-11-09T21:32:10.241Z"}
{"level":"info","message":"[2023-11-09T21:32:13.289Z] POST /api/updateEmployees","timestamp":"2023-11-09T21:32:13.289Z"}
{"level":"info","message":"[2023-11-09T22:19:34.678Z] GET /api/getEmployees","timestamp":"2023-11-09T22:19:34.681Z"}
{"level":"info","message":"[2023-11-09T22:19:42.041Z] OPTIONS /api/updateEmployees","timestamp":"2023-11-09T22:19:42.042Z"}
{"level":"info","message":"[2023-11-09T22:19:42.049Z] POST /api/updateEmployees","timestamp":"2023-11-09T22:19:42.049Z"}
{"level":"info","message":"[2023-11-09T22:19:47.696Z] OPTIONS /api/updateEmployees","timestamp":"2023-11-09T22:19:47.696Z"}
{"level":"info","message":"[2023-11-09T22:19:47.699Z] POST /api/updateEmployees","timestamp":"2023-11-09T22:19:47.699Z"}
{"level":"info","message":"[2023-11-09T22:19:48.846Z] POST /api/updateEmployees","timestamp":"2023-11-09T22:19:48.846Z"}
{"level":"info","message":"[2023-11-09T22:19:50.389Z] POST /api/updateEmployees","timestamp":"2023-11-09T22:19:50.389Z"}
{"level":"info","message":"[2023-11-09T22:20:37.149Z] GET /api/getEmployees","timestamp":"2023-11-09T22:20:37.149Z"}
{"level":"info","message":"[2023-11-09T22:20:45.125Z] OPTIONS /api/updateEmployees","timestamp":"2023-11-09T22:20:45.125Z"}
{"level":"info","message":"[2023-11-09T22:20:45.128Z] POST /api/updateEmployees","timestamp":"2023-11-09T22:20:45.128Z"}
{"level":"info","message":"[2023-11-09T22:20:46.989Z] POST /api/updateEmployees","timestamp":"2023-11-09T22:20:46.989Z"}
{"level":"info","message":"[2023-11-09T22:21:01.037Z] OPTIONS /api/updateEmployees","timestamp":"2023-11-09T22:21:01.037Z"}
{"level":"info","message":"[2023-11-09T22:21:01.039Z] POST /api/updateEmployees","timestamp":"2023-11-09T22:21:01.039Z"}
{"level":"info","message":"[2023-11-09T22:21:02.844Z] POST /api/updateEmployees","timestamp":"2023-11-09T22:21:02.845Z"}
{"level":"info","message":"[2023-11-09T22:21:04.184Z] POST /api/updateEmployees","timestamp":"2023-11-09T22:21:04.184Z"}
{"level":"info","message":"[2023-11-09T22:21:07.502Z] OPTIONS /api/updateEmployees","timestamp":"2023-11-09T22:21:07.502Z"}
{"level":"info","message":"[2023-11-09T22:21:07.506Z] POST /api/updateEmployees","timestamp":"2023-11-09T22:21:07.506Z"}
{"level":"info","message":"[2023-11-09T22:21:08.749Z] POST /api/updateEmployees","timestamp":"2023-11-09T22:21:08.749Z"}
{"level":"info","message":"[2023-11-09T22:22:44.877Z] OPTIONS /api/updateEmployees","timestamp":"2023-11-09T22:22:44.877Z"}
{"level":"info","message":"[2023-11-09T22:22:44.880Z] POST /api/updateEmployees","timestamp":"2023-11-09T22:22:44.880Z"}
{"level":"info","message":"[2023-11-09T22:22:57.657Z] GET /api/getEmployees","timestamp":"2023-11-09T22:22:57.658Z"}
{"level":"info","message":"[2023-11-09T22:23:02.650Z] GET /api/getEmployees","timestamp":"2023-11-09T22:23:02.650Z"}
{"level":"info","message":"[2023-11-09T22:23:05.044Z] GET /api/getEmployees","timestamp":"2023-11-09T22:23:05.044Z"}
{"level":"info","message":"[2023-11-09T22:23:09.476Z] OPTIONS /api/updateEmployees","timestamp":"2023-11-09T22:23:09.477Z"}
{"level":"info","message":"[2023-11-09T22:23:09.480Z] POST /api/updateEmployees","timestamp":"2023-11-09T22:23:09.481Z"}
{"level":"info","message":"[2023-11-09T22:23:11.031Z] POST /api/updateEmployees","timestamp":"2023-11-09T22:23:11.031Z"}
{"level":"info","message":"[2023-11-09T22:23:23.361Z] OPTIONS /api/updateEmployees","timestamp":"2023-11-09T22:23:23.361Z"}
{"level":"info","message":"[2023-11-09T22:23:23.363Z] POST /api/updateEmployees","timestamp":"2023-11-09T22:23:23.363Z"}
{"level":"info","message":"[2023-11-09T22:23:50.658Z] GET /api/getEmployees","timestamp":"2023-11-09T22:23:50.658Z"}
{"level":"info","message":"[2023-11-09T22:23:58.651Z] GET /api/getEmployees","timestamp":"2023-11-09T22:23:58.651Z"}
{"level":"info","message":"[2023-11-09T22:24:06.544Z] GET /api/getEmployees","timestamp":"2023-11-09T22:24:06.544Z"}
{"level":"info","message":"[2023-11-09T22:24:11.507Z] OPTIONS /api/updateEmployees","timestamp":"2023-11-09T22:24:11.507Z"}
{"level":"info","message":"[2023-11-09T22:24:11.511Z] POST /api/updateEmployees","timestamp":"2023-11-09T22:24:11.511Z"}
{"level":"info","message":"[2023-11-09T22:24:16.582Z] OPTIONS /api/updateEmployees","timestamp":"2023-11-09T22:24:16.582Z"}
{"level":"info","message":"[2023-11-09T22:24:16.585Z] POST /api/updateEmployees","timestamp":"2023-11-09T22:24:16.585Z"}
{"level":"info","message":"[2023-11-09T22:24:19.304Z] POST /api/updateEmployees","timestamp":"2023-11-09T22:24:19.304Z"}
{"level":"info","message":"[2023-11-09T22:24:25.249Z] OPTIONS /api/updateEmployees","timestamp":"2023-11-09T22:24:25.249Z"}
{"level":"info","message":"[2023-11-09T22:24:25.253Z] POST /api/updateEmployees","timestamp":"2023-11-09T22:24:25.253Z"}
{"level":"info","message":"[2023-11-09T22:24:36.682Z] GET /api/getEmployees","timestamp":"2023-11-09T22:24:36.682Z"}
{"level":"info","message":"[2023-11-09T22:24:42.690Z] GET /api/updateEmployees","timestamp":"2023-11-09T22:24:42.690Z"}
{"level":"info","message":"[2023-11-09T22:24:42.702Z] GET /api/getEmployees","timestamp":"2023-11-09T22:24:42.702Z"}
{"level":"info","message":"[2023-11-09T22:24:42.880Z] GET /favicon.ico","timestamp":"2023-11-09T22:24:42.880Z"}
{"level":"info","message":"[2023-11-09T22:24:50.684Z] GET /api/getEmployees","timestamp":"2023-11-09T22:24:50.684Z"}
{"level":"info","message":"[2023-11-09T22:24:51.659Z] GET /api/getEmployees","timestamp":"2023-11-09T22:24:51.659Z"}
{"level":"info","message":"[2023-11-09T22:24:56.735Z] GET /api/updateEmployees","timestamp":"2023-11-09T22:24:56.735Z"}
{"level":"info","message":"[2023-11-09T22:24:56.739Z] Response Status: 200","timestamp":"2023-11-09T22:24:56.739Z"}
{"level":"info","message":"[2023-11-09T22:24:57.656Z] GET /api/getEmployees","timestamp":"2023-11-09T22:24:57.656Z"}
{"level":"info","message":"[2023-11-09T22:25:02.568Z] GET /api/getEmployees","timestamp":"2023-11-09T22:25:02.568Z"}
{"level":"info","message":"[2023-11-09T22:25:08.024Z] OPTIONS /api/updateEmployees","timestamp":"2023-11-09T22:25:08.024Z"}
{"level":"info","message":"[2023-11-09T22:25:08.027Z] POST /api/updateEmployees","timestamp":"2023-11-09T22:25:08.027Z"}
{"level":"info","message":"[2023-11-09T22:25:12.462Z] POST /api/updateEmployees","timestamp":"2023-11-09T22:25:12.462Z"}
{"level":"info","message":"[2023-11-09T22:25:16.960Z] OPTIONS /api/updateEmployees","timestamp":"2023-11-09T22:25:16.960Z"}
{"level":"info","message":"[2023-11-09T22:25:16.962Z] POST /api/updateEmployees","timestamp":"2023-11-09T22:25:16.962Z"}
{"level":"info","message":"[2023-11-09T22:25:21.376Z] POST /api/updateEmployees","timestamp":"2023-11-09T22:25:21.376Z"}
{"level":"info","message":"[2023-11-10T05:34:30.684Z] GET /api/getEmployees","timestamp":"2023-11-10T05:34:30.686Z"}
{"level":"info","message":"[2023-11-10T05:34:35.262Z] GET /api/getEmployees","timestamp":"2023-11-10T05:34:35.262Z"}
{"level":"info","message":"[2023-11-10T05:35:20.230Z] OPTIONS /api/updateEmployees","timestamp":"2023-11-10T05:35:20.236Z"}
{"level":"info","message":"[2023-11-10T05:35:20.288Z] POST /api/updateEmployees","timestamp":"2023-11-10T05:35:20.288Z"}
{"level":"info","message":"[2023-11-10T05:35:23.751Z] POST /api/updateEmployees","timestamp":"2023-11-10T05:35:23.751Z"}
{"level":"info","message":"[2023-11-10T05:35:26.692Z] OPTIONS /api/updateEmployees","timestamp":"2023-11-10T05:35:26.692Z"}
{"level":"info","message":"[2023-11-10T05:35:26.695Z] POST /api/updateEmployees","timestamp":"2023-11-10T05:35:26.695Z"}
{"level":"info","message":"[2023-11-10T05:39:00.702Z] GET /api/getEmployees","timestamp":"2023-11-10T05:39:00.705Z"}
{"level":"info","message":"[2023-11-10T05:40:34.912Z] GET /api/getEmployees","timestamp":"2023-11-10T05:40:34.915Z"}
{"level":"info","message":"[2023-11-10T05:40:34.953Z] OPTIONS /api/updateEmployees","timestamp":"2023-11-10T05:40:34.953Z"}
{"level":"info","message":"[2023-11-10T05:40:34.963Z] POST /api/updateEmployees","timestamp":"2023-11-10T05:40:34.963Z"}
{"level":"info","message":"[2023-11-10T05:40:35.210Z] POST /api/updateEmployees","timestamp":"2023-11-10T05:40:35.210Z"}
{"level":"info","message":"[2023-11-10T05:40:44.694Z] OPTIONS /api/updateEmployees","timestamp":"2023-11-10T05:40:44.694Z"}
{"level":"info","message":"[2023-11-10T05:40:44.701Z] POST /api/updateEmployees","timestamp":"2023-11-10T05:40:44.701Z"}
{"level":"info","message":"[2023-11-10T05:40:48.759Z] POST /api/updateEmployees","timestamp":"2023-11-10T05:40:48.759Z"}
{"level":"info","message":"[2023-11-10T05:40:50.607Z] OPTIONS /api/updateEmployees","timestamp":"2023-11-10T05:40:50.607Z"}
{"level":"info","message":"[2023-11-10T05:40:50.612Z] POST /api/updateEmployees","timestamp":"2023-11-10T05:40:50.612Z"}
{"level":"info","message":"[2023-11-10T05:40:52.941Z] POST /api/updateEmployees","timestamp":"2023-11-10T05:40:52.941Z"}
{"level":"info","message":"[2023-11-10T05:40:53.841Z] POST /api/updateEmployees","timestamp":"2023-11-10T05:40:53.841Z"}
{"level":"info","message":"[2023-11-10T05:40:54.561Z] POST /api/updateEmployees","timestamp":"2023-11-10T05:40:54.562Z"}
{"level":"info","message":"[2023-11-10T05:46:29.451Z] GET /api/getEmployees","timestamp":"2023-11-10T05:46:29.457Z"}
{"level":"info","message":"[2023-11-10T05:46:29.504Z] OPTIONS /api/updateEmployees","timestamp":"2023-11-10T05:46:29.504Z"}
{"level":"info","message":"[2023-11-10T05:46:29.511Z] POST /api/updateEmployees","timestamp":"2023-11-10T05:46:29.512Z"}
{"level":"info","message":"[2023-11-10T05:46:29.622Z] POST /api/updateEmployees","timestamp":"2023-11-10T05:46:29.622Z"}
{"level":"info","message":"[2023-11-10T05:46:35.087Z] GET /api/getEmployees","timestamp":"2023-11-10T05:46:35.087Z"}
{"level":"info","message":"[2023-11-10T05:46:35.091Z] OPTIONS /api/updateEmployees","timestamp":"2023-11-10T05:46:35.091Z"}
{"level":"info","message":"[2023-11-10T05:46:35.103Z] POST /api/updateEmployees","timestamp":"2023-11-10T05:46:35.104Z"}
{"level":"info","message":"[2023-11-10T05:46:35.393Z] POST /api/updateEmployees","timestamp":"2023-11-10T05:46:35.393Z"}
{"level":"info","message":"[2023-11-10T05:46:40.702Z] OPTIONS /api/updateEmployees","timestamp":"2023-11-10T05:46:40.703Z"}
{"level":"info","message":"[2023-11-10T05:46:40.707Z] POST /api/updateEmployees","timestamp":"2023-11-10T05:46:40.707Z"}
{"level":"info","message":"[2023-11-10T05:46:41.340Z] POST /api/updateEmployees","timestamp":"2023-11-10T05:46:41.340Z"}
{"level":"info","message":"[2023-11-10T05:46:43.603Z] POST /api/updateEmployees","timestamp":"2023-11-10T05:46:43.604Z"}
{"level":"info","message":"[2023-11-10T05:46:43.785Z] POST /api/updateEmployees","timestamp":"2023-11-10T05:46:43.785Z"}
{"level":"info","message":"[2023-11-10T05:46:44.183Z] POST /api/updateEmployees","timestamp":"2023-11-10T05:46:44.183Z"}
{"level":"info","message":"[2023-11-10T05:46:45.008Z] POST /api/updateEmployees","timestamp":"2023-11-10T05:46:45.008Z"}
{"level":"info","message":"[2023-11-10T05:46:45.622Z] POST /api/updateEmployees","timestamp":"2023-11-10T05:46:45.622Z"}
{"level":"info","message":"[2023-11-10T05:46:45.777Z] OPTIONS /api/updateEmployees","timestamp":"2023-11-10T05:46:45.777Z"}
{"level":"info","message":"[2023-11-10T05:46:46.406Z] OPTIONS /api/updateEmployees","timestamp":"2023-11-10T05:46:46.406Z"}
{"level":"info","message":"[2023-11-10T05:46:51.708Z] OPTIONS /api/updateEmployees","timestamp":"2023-11-10T05:46:51.708Z"}
{"level":"info","message":"[2023-11-10T05:46:52.097Z] OPTIONS /api/updateEmployees","timestamp":"2023-11-10T05:46:52.097Z"}
{"level":"info","message":"[2023-11-10T05:46:52.298Z] OPTIONS /api/updateEmployees","timestamp":"2023-11-10T05:46:52.298Z"}
{"level":"info","message":"[2023-11-10T05:46:52.640Z] OPTIONS /api/updateEmployees","timestamp":"2023-11-10T05:46:52.640Z"}
{"level":"info","message":"[2023-11-10T05:46:52.832Z] OPTIONS /api/updateEmployees","timestamp":"2023-11-10T05:46:52.832Z"}
{"level":"info","message":"[2023-11-10T05:46:53.484Z] OPTIONS /api/updateEmployees","timestamp":"2023-11-10T05:46:53.484Z"}
{"level":"info","message":"[2023-11-10T05:46:53.852Z] OPTIONS /api/updateEmployees","timestamp":"2023-11-10T05:46:53.852Z"}
{"level":"info","message":"[2023-11-10T05:46:54.199Z] OPTIONS /api/updateEmployees","timestamp":"2023-11-10T05:46:54.199Z"}
{"level":"info","message":"[2023-11-10T05:46:54.351Z] OPTIONS /api/updateEmployees","timestamp":"2023-11-10T05:46:54.351Z"}
{"level":"info","message":"[2023-11-10T05:46:54.628Z] OPTIONS /api/updateEmployees","timestamp":"2023-11-10T05:46:54.628Z"}
{"level":"info","message":"[2023-11-10T05:51:36.941Z] GET /api/getEmployees","timestamp":"2023-11-10T05:51:36.944Z"}
{"level":"info","message":"[2023-11-10T05:51:46.727Z] GET /api/getEmpTypeData","timestamp":"2023-11-10T05:51:46.727Z"}
{"level":"info","message":"[2023-11-10T05:51:46.754Z] GET /api/getDeptEmpTypeData","timestamp":"2023-11-10T05:51:46.754Z"}
{"level":"info","message":"[2023-11-10T05:51:46.761Z] GET /api/getDiversityData","timestamp":"2023-11-10T05:51:46.761Z"}
{"level":"info","message":"[2023-11-10T05:51:46.768Z] GET /api/getDeptDiversityData","timestamp":"2023-11-10T05:51:46.768Z"}
{"level":"info","message":"[2023-11-10T05:51:46.772Z] GET /api/getLocationData","timestamp":"2023-11-10T05:51:46.772Z"}
{"level":"info","message":"[2023-11-10T05:51:46.780Z] GET /api/getDeptLocationData","timestamp":"2023-11-10T05:51:46.781Z"}
{"level":"info","message":"[2023-11-10T05:51:46.825Z] GET /api/getDOJData","timestamp":"2023-11-10T05:51:46.825Z"}
{"level":"info","message":"[2023-11-10T05:51:46.843Z] GET /api/getDOLData","timestamp":"2023-11-10T05:51:46.843Z"}
{"level":"info","message":"[2023-11-10T05:51:48.609Z] GET /api/getEmployees","timestamp":"2023-11-10T05:51:48.609Z"}
{"level":"info","message":"[2023-11-10T05:52:26.164Z] GET /api/getEmployees","timestamp":"2023-11-10T05:52:26.164Z"}
{"level":"info","message":"[2023-11-10T05:52:26.168Z] OPTIONS /api/updateEmployees","timestamp":"2023-11-10T05:52:26.168Z"}
{"level":"info","message":"[2023-11-10T05:52:29.571Z] GET /api/getEmployees","timestamp":"2023-11-10T05:52:29.571Z"}
{"level":"info","message":"[2023-11-10T05:52:34.560Z] OPTIONS /api/updateEmployees","timestamp":"2023-11-10T05:52:34.560Z"}
{"level":"info","message":"[2023-11-10T05:52:34.609Z] GET /api/getEmployees","timestamp":"2023-11-10T05:52:34.609Z"}
{"level":"info","message":"[2023-11-10T05:52:40.020Z] OPTIONS /api/updateEmployees","timestamp":"2023-11-10T05:52:40.020Z"}
{"level":"info","message":"[2023-11-10T05:52:40.026Z] GET /api/getEmployees","timestamp":"2023-11-10T05:52:40.026Z"}
{"level":"info","message":"[2023-11-10T05:52:40.034Z] POST /api/updateEmployees","timestamp":"2023-11-10T05:52:40.034Z"}
{"level":"info","message":"[2023-11-10T05:52:40.706Z] POST /api/updateEmployees","timestamp":"2023-11-10T05:52:40.706Z"}
{"level":"info","message":"[2023-11-10T06:05:42.018Z] OPTIONS /api/updateEmployees","timestamp":"2023-11-10T06:05:42.030Z"}
{"level":"info","message":"[2023-11-10T06:05:42.290Z] POST /api/updateEmployees","timestamp":"2023-11-10T06:05:42.290Z"}
{"level":"info","message":"[2023-11-10T06:06:26.725Z] OPTIONS /api/updateEmployees","timestamp":"2023-11-10T06:06:26.725Z"}
{"level":"info","message":"[2023-11-10T06:06:26.733Z] GET /api/getEmployees","timestamp":"2023-11-10T06:06:26.733Z"}
{"level":"info","message":"[2023-11-10T06:06:26.758Z] POST /api/updateEmployees","timestamp":"2023-11-10T06:06:26.759Z"}
{"level":"info","message":"[2023-11-10T06:06:27.387Z] POST /api/updateEmployees","timestamp":"2023-11-10T06:06:27.387Z"}
{"level":"info","message":"[2023-11-10T06:06:52.438Z] OPTIONS /api/updateEmployees","timestamp":"2023-11-10T06:06:52.438Z"}
{"level":"info","message":"[2023-11-10T06:06:52.445Z] POST /api/updateEmployees","timestamp":"2023-11-10T06:06:52.445Z"}
{"level":"info","message":"[2023-11-10T06:08:36.529Z] OPTIONS /api/updateEmployees","timestamp":"2023-11-10T06:08:36.529Z"}
{"level":"info","message":"[2023-11-10T06:08:36.535Z] POST /api/updateEmployees","timestamp":"2023-11-10T06:08:36.535Z"}
{"level":"info","message":"[2023-11-10T06:08:36.547Z] GET /api/getEmployees","timestamp":"2023-11-10T06:08:36.547Z"}
{"level":"info","message":"[2023-11-10T06:08:36.643Z] POST /api/updateEmployees","timestamp":"2023-11-10T06:08:36.643Z"}
{"level":"info","message":"[2023-11-10T06:08:44.823Z] OPTIONS /api/updateEmployees","timestamp":"2023-11-10T06:08:44.823Z"}
{"level":"info","message":"[2023-11-10T06:08:44.826Z] GET /api/getEmployees","timestamp":"2023-11-10T06:08:44.826Z"}
{"level":"info","message":"[2023-11-10T06:08:44.830Z] POST /api/updateEmployees","timestamp":"2023-11-10T06:08:44.830Z"}
{"level":"info","message":"[2023-11-10T06:08:45.221Z] POST /api/updateEmployees","timestamp":"2023-11-10T06:08:45.221Z"}
{"level":"info","message":"[2023-11-10T06:09:01.908Z] OPTIONS /api/updateEmployees","timestamp":"2023-11-10T06:09:01.908Z"}
{"level":"info","message":"[2023-11-10T06:09:01.914Z] GET /api/getEmployees","timestamp":"2023-11-10T06:09:01.914Z"}
{"level":"info","message":"[2023-11-10T06:09:01.918Z] POST /api/updateEmployees","timestamp":"2023-11-10T06:09:01.918Z"}
{"level":"info","message":"[2023-11-10T06:09:02.273Z] POST /api/updateEmployees","timestamp":"2023-11-10T06:09:02.273Z"}
{"level":"info","message":"[2023-11-10T06:09:04.458Z] POST /api/updateEmployees","timestamp":"2023-11-10T06:09:04.458Z"}
{"level":"info","message":"[2023-11-10T06:09:16.588Z] OPTIONS /api/updateEmployees","timestamp":"2023-11-10T06:09:16.588Z"}
{"level":"info","message":"[2023-11-10T06:09:17.683Z] OPTIONS /api/updateEmployees","timestamp":"2023-11-10T06:09:17.683Z"}
{"level":"info","message":"[2023-11-10T06:09:37.334Z] GET /api/getEmployees","timestamp":"2023-11-10T06:09:37.334Z"}
{"level":"info","message":"[2023-11-10T06:09:40.359Z] GET /api/getEmployees","timestamp":"2023-11-10T06:09:40.359Z"}
{"level":"info","message":"[2023-11-10T06:09:45.880Z] GET /api/getEmployees","timestamp":"2023-11-10T06:09:45.880Z"}
{"level":"info","message":"[2023-11-10T06:09:46.073Z] GET /api/getEmployees","timestamp":"2023-11-10T06:09:46.073Z"}
{"level":"info","message":"[2023-11-10T06:09:46.079Z] OPTIONS /api/updateEmployees","timestamp":"2023-11-10T06:09:46.079Z"}
{"level":"info","message":"[2023-11-10T06:09:46.085Z] POST /api/updateEmployees","timestamp":"2023-11-10T06:09:46.085Z"}
{"level":"info","message":"[2023-11-10T06:09:46.157Z] POST /api/updateEmployees","timestamp":"2023-11-10T06:09:46.157Z"}
{"level":"info","message":"[2023-11-10T06:09:47.938Z] POST /api/updateEmployees","timestamp":"2023-11-10T06:09:47.938Z"}
{"level":"info","message":"[2023-11-10T06:09:47.952Z] GET /api/getEmployees","timestamp":"2023-11-10T06:09:47.952Z"}
{"level":"info","message":"[2023-11-10T06:09:48.007Z] POST /api/updateEmployees","timestamp":"2023-11-10T06:09:48.007Z"}
{"level":"info","message":"[2023-11-10T06:10:01.299Z] OPTIONS /api/updateEmployees","timestamp":"2023-11-10T06:10:01.299Z"}
{"level":"info","message":"[2023-11-10T06:10:01.303Z] GET /api/getEmployees","timestamp":"2023-11-10T06:10:01.303Z"}
{"level":"info","message":"[2023-11-10T06:10:09.130Z] OPTIONS /api/updateEmployees","timestamp":"2023-11-10T06:10:09.130Z"}
{"level":"info","message":"[2023-11-10T06:10:09.133Z] GET /api/getEmployees","timestamp":"2023-11-10T06:10:09.134Z"}
{"level":"info","message":"[2023-11-10T06:10:21.565Z] GET /api/getEmployees","timestamp":"2023-11-10T06:10:21.565Z"}
{"level":"info","message":"[2023-11-10T06:10:24.936Z] GET /api/getEmployees","timestamp":"2023-11-10T06:10:24.936Z"}
{"level":"info","message":"[2023-11-10T06:10:29.022Z] GET /api/getEmployees","timestamp":"2023-11-10T06:10:29.022Z"}
{"level":"info","message":"[2023-11-10T06:10:55.896Z] GET /api/getEmployees","timestamp":"2023-11-10T06:10:55.896Z"}
{"level":"info","message":"[2023-11-10T06:10:59.967Z] GET /api/getEmployees","timestamp":"2023-11-10T06:10:59.967Z"}
{"level":"info","message":"[2023-11-10T06:11:08.318Z] GET /api/getEmployees","timestamp":"2023-11-10T06:11:08.318Z"}
{"level":"info","message":"[2023-11-10T06:11:16.739Z] GET /api/getEmployees","timestamp":"2023-11-10T06:11:16.739Z"}
{"level":"info","message":"[2023-11-10T06:11:27.506Z] GET /api/getEmployees","timestamp":"2023-11-10T06:11:27.506Z"}
{"level":"info","message":"[2023-11-10T06:11:32.337Z] GET /api/getEmployees","timestamp":"2023-11-10T06:11:32.337Z"}
{"level":"info","message":"[2023-11-10T06:11:36.762Z] OPTIONS /api/updateEmployees","timestamp":"2023-11-10T06:11:36.762Z"}
{"level":"info","message":"[2023-11-10T06:11:36.768Z] POST /api/updateEmployees","timestamp":"2023-11-10T06:11:36.768Z"}
{"level":"info","message":"[2023-11-10T06:11:36.976Z] POST /api/updateEmployees","timestamp":"2023-11-10T06:11:36.976Z"}
{"level":"info","message":"[2023-11-10T06:11:50.073Z] GET /api/getEmployees","timestamp":"2023-11-10T06:11:50.073Z"}
{"level":"info","message":"[2023-11-10T06:13:17.524Z] OPTIONS /api/updateEmployees","timestamp":"2023-11-10T06:13:17.524Z"}
{"level":"info","message":"[2023-11-10T06:13:17.530Z] POST /api/updateEmployees","timestamp":"2023-11-10T06:13:17.530Z"}
{"level":"info","message":"[2023-11-10T06:13:21.047Z] POST /api/updateEmployees","timestamp":"2023-11-10T06:13:21.047Z"}
{"level":"info","message":"[2023-11-10T06:13:37.755Z] GET /api/getEmployees","timestamp":"2023-11-10T06:13:37.755Z"}
{"level":"info","message":"[2023-11-10T06:13:44.326Z] OPTIONS /api/updateEmployees","timestamp":"2023-11-10T06:13:44.326Z"}
{"level":"info","message":"[2023-11-10T06:13:44.331Z] POST /api/updateEmployees","timestamp":"2023-11-10T06:13:44.331Z"}
{"level":"info","message":"[2023-11-10T06:13:47.504Z] POST /api/updateEmployees","timestamp":"2023-11-10T06:13:47.504Z"}
{"level":"info","message":"[2023-11-10T06:13:50.344Z] OPTIONS /api/updateEmployees","timestamp":"2023-11-10T06:13:50.344Z"}
{"level":"info","message":"[2023-11-10T06:13:50.351Z] POST /api/updateEmployees","timestamp":"2023-11-10T06:13:50.352Z"}
{"level":"info","message":"[2023-11-10T06:13:52.162Z] POST /api/updateEmployees","timestamp":"2023-11-10T06:13:52.162Z"}
{"level":"info","message":"[2023-11-10T06:13:53.324Z] POST /api/updateEmployees","timestamp":"2023-11-10T06:13:53.324Z"}
{"level":"info","message":"[2023-11-10T06:13:58.404Z] GET /api/getDeptEmpTypeData","timestamp":"2023-11-10T06:13:58.404Z"}
{"level":"info","message":"[2023-11-10T06:13:58.409Z] GET /api/getEmpTypeData","timestamp":"2023-11-10T06:13:58.409Z"}
{"level":"info","message":"[2023-11-10T06:13:58.413Z] GET /api/getDiversityData","timestamp":"2023-11-10T06:13:58.413Z"}
{"level":"info","message":"[2023-11-10T06:13:58.418Z] GET /api/getDeptDiversityData","timestamp":"2023-11-10T06:13:58.418Z"}
{"level":"info","message":"[2023-11-10T06:13:58.421Z] GET /api/getLocationData","timestamp":"2023-11-10T06:13:58.421Z"}
{"level":"info","message":"[2023-11-10T06:13:58.426Z] GET /api/getDeptLocationData","timestamp":"2023-11-10T06:13:58.426Z"}
{"level":"info","message":"[2023-11-10T06:13:58.430Z] GET /api/getDOJData","timestamp":"2023-11-10T06:13:58.430Z"}
{"level":"info","message":"[2023-11-10T06:13:58.434Z] GET /api/getDOLData","timestamp":"2023-11-10T06:13:58.434Z"}
{"level":"info","message":"[2023-11-10T06:14:04.343Z] GET /api/getEmployees","timestamp":"2023-11-10T06:14:04.343Z"}
{"level":"info","message":"Server is running on port 5000","timestamp":"2023-11-10T06:14:30.438Z"}
{"level":"info","message":"[2023-11-10T06:15:08.283Z] GET /api/getEmployees","timestamp":"2023-11-10T06:15:08.283Z"}
{"level":"info","message":"[2023-11-10T06:15:12.973Z] OPTIONS /api/updateEmployees","timestamp":"2023-11-10T06:15:12.973Z"}
{"level":"info","message":"[2023-11-10T06:15:12.982Z] POST /api/updateEmployees","timestamp":"2023-11-10T06:15:12.982Z"}
{"level":"info","message":"[2023-11-10T06:15:15.337Z] POST /api/updateEmployees","timestamp":"2023-11-10T06:15:15.337Z"}
{"level":"info","message":"[2023-11-10T06:22:30.959Z] GET /api/getEmployees","timestamp":"2023-11-10T06:22:30.962Z"}
{"level":"info","message":"[2023-11-10T06:22:41.529Z] GET /api/getEmployees","timestamp":"2023-11-10T06:22:41.530Z"}
{"level":"info","message":"[2023-11-10T06:22:52.584Z] GET /api/getEmployees","timestamp":"2023-11-10T06:22:52.584Z"}
{"level":"info","message":"[2023-11-10T06:23:55.530Z] GET /api/getEmployees","timestamp":"2023-11-10T06:23:55.530Z"}
{"level":"info","message":"[2023-11-10T06:24:02.547Z] GET /api/getEmployees","timestamp":"2023-11-10T06:24:02.547Z"}
{"level":"info","message":"[2023-11-10T06:24:22.535Z] GET /api/getEmployees","timestamp":"2023-11-10T06:24:22.536Z"}
{"level":"info","message":"[2023-11-10T06:24:30.522Z] GET /api/getEmployees","timestamp":"2023-11-10T06:24:30.522Z"}
{"level":"info","message":"[2023-11-10T06:25:04.651Z] GET /api/getEmployees","timestamp":"2023-11-10T06:25:04.651Z"}
{"level":"info","message":"[2023-11-10T06:25:12.298Z] OPTIONS /api/updateEmployees","timestamp":"2023-11-10T06:25:12.298Z"}
{"level":"info","message":"[2023-11-10T06:25:12.306Z] POST /api/updateEmployees","timestamp":"2023-11-10T06:25:12.306Z"}
{"level":"info","message":"[2023-11-10T06:25:14.461Z] POST /api/updateEmployees","timestamp":"2023-11-10T06:25:14.461Z"}
{"level":"info","message":"[2023-11-10T06:25:15.589Z] POST /api/updateEmployees","timestamp":"2023-11-10T06:25:15.589Z"}
{"level":"info","message":"[2023-11-10T06:25:18.382Z] OPTIONS /api/updateEmployees","timestamp":"2023-11-10T06:25:18.382Z"}
{"level":"info","message":"[2023-11-10T06:25:18.387Z] POST /api/updateEmployees","timestamp":"2023-11-10T06:25:18.387Z"}
{"level":"info","message":"[2023-11-10T06:27:03.529Z] GET /api/getEmployees","timestamp":"2023-11-10T06:27:03.529Z"}
{"level":"info","message":"[2023-11-10T06:27:13.224Z] OPTIONS /api/updateEmployees","timestamp":"2023-11-10T06:27:13.224Z"}
{"level":"info","message":"[2023-11-10T06:27:13.253Z] POST /api/updateEmployees","timestamp":"2023-11-10T06:27:13.253Z"}
{"level":"info","message":"[2023-11-10T06:27:16.129Z] POST /api/updateEmployees","timestamp":"2023-11-10T06:27:16.129Z"}
{"level":"info","message":"[2023-11-10T06:28:00.521Z] GET /api/getEmployees","timestamp":"2023-11-10T06:28:00.521Z"}
{"level":"info","message":"[2023-11-10T06:28:05.529Z] GET /api/getEmployees","timestamp":"2023-11-10T06:28:05.529Z"}
{"level":"info","message":"[2023-11-10T06:28:08.990Z] GET /api/getEmployees","timestamp":"2023-11-10T06:28:08.990Z"}
{"level":"info","message":"[2023-11-10T06:28:11.585Z] OPTIONS /api/updateEmployees","timestamp":"2023-11-10T06:28:11.585Z"}
{"level":"info","message":"[2023-11-10T06:28:11.590Z] POST /api/updateEmployees","timestamp":"2023-11-10T06:28:11.590Z"}
{"level":"info","message":"[2023-11-10T06:28:11.857Z] POST /api/updateEmployees","timestamp":"2023-11-10T06:28:11.857Z"}
{"level":"info","message":"[2023-11-10T07:22:15.570Z] GET /api/getEmployees","timestamp":"2023-11-10T07:22:15.571Z"}
{"level":"info","message":"[2023-11-10T07:30:50.777Z] GET /api/getEmpTypeData","timestamp":"2023-11-10T07:30:50.784Z"}
{"level":"info","message":"[2023-11-10T07:30:50.863Z] GET /api/getDeptEmpTypeData","timestamp":"2023-11-10T07:30:50.863Z"}
{"level":"info","message":"[2023-11-10T07:30:50.869Z] GET /api/getDiversityData","timestamp":"2023-11-10T07:30:50.869Z"}
{"level":"info","message":"[2023-11-10T07:30:50.871Z] GET /api/getDeptDiversityData","timestamp":"2023-11-10T07:30:50.871Z"}
{"level":"info","message":"[2023-11-10T07:30:50.874Z] GET /api/getLocationData","timestamp":"2023-11-10T07:30:50.874Z"}
{"level":"info","message":"[2023-11-10T07:30:50.877Z] GET /api/getDeptLocationData","timestamp":"2023-11-10T07:30:50.877Z"}
{"level":"info","message":"[2023-11-10T07:30:50.989Z] GET /api/getDOJData","timestamp":"2023-11-10T07:30:50.989Z"}
{"level":"info","message":"[2023-11-10T07:30:50.993Z] GET /api/getDOLData","timestamp":"2023-11-10T07:30:50.993Z"}
{"level":"info","message":"[2023-11-10T07:31:07.821Z] GET /api/getEmpTypeData","timestamp":"2023-11-10T07:31:07.821Z"}
{"level":"info","message":"[2023-11-10T07:31:07.833Z] GET /api/getDiversityData","timestamp":"2023-11-10T07:31:07.833Z"}
{"level":"info","message":"[2023-11-10T07:31:07.841Z] GET /api/getDeptDiversityData","timestamp":"2023-11-10T07:31:07.841Z"}
{"level":"info","message":"[2023-11-10T07:31:07.857Z] GET /api/getDeptEmpTypeData","timestamp":"2023-11-10T07:31:07.857Z"}
{"level":"info","message":"[2023-11-10T07:31:07.865Z] GET /api/getLocationData","timestamp":"2023-11-10T07:31:07.865Z"}
{"level":"info","message":"[2023-11-10T07:31:07.868Z] GET /api/getDeptLocationData","timestamp":"2023-11-10T07:31:07.868Z"}
{"level":"info","message":"[2023-11-10T07:31:07.877Z] GET /api/getDOJData","timestamp":"2023-11-10T07:31:07.877Z"}
{"level":"info","message":"[2023-11-10T07:31:07.881Z] GET /api/getDOLData","timestamp":"2023-11-10T07:31:07.881Z"}
{"level":"info","message":"[2023-11-10T07:31:18.232Z] GET /api/getEmpTypeData","timestamp":"2023-11-10T07:31:18.232Z"}
{"level":"info","message":"[2023-11-10T07:31:18.239Z] GET /api/getDeptEmpTypeData","timestamp":"2023-11-10T07:31:18.239Z"}
{"level":"info","message":"[2023-11-10T07:31:18.243Z] GET /api/getDeptDiversityData","timestamp":"2023-11-10T07:31:18.243Z"}
{"level":"info","message":"[2023-11-10T07:31:18.248Z] GET /api/getLocationData","timestamp":"2023-11-10T07:31:18.248Z"}
{"level":"info","message":"[2023-11-10T07:31:18.252Z] GET /api/getDiversityData","timestamp":"2023-11-10T07:31:18.252Z"}
{"level":"info","message":"[2023-11-10T07:31:18.256Z] GET /api/getDeptLocationData","timestamp":"2023-11-10T07:31:18.256Z"}
{"level":"info","message":"[2023-11-10T07:31:18.259Z] GET /api/getDOJData","timestamp":"2023-11-10T07:31:18.259Z"}
{"level":"info","message":"[2023-11-10T07:31:18.264Z] GET /api/getDOLData","timestamp":"2023-11-10T07:31:18.264Z"}
{"level":"info","message":"[2023-11-10T07:31:44.327Z] GET /api/getEmpTypeData","timestamp":"2023-11-10T07:31:44.327Z"}
{"level":"info","message":"[2023-11-10T07:31:44.337Z] GET /api/getDeptEmpTypeData","timestamp":"2023-11-10T07:31:44.337Z"}
{"level":"info","message":"[2023-11-10T07:31:44.340Z] GET /api/getDiversityData","timestamp":"2023-11-10T07:31:44.340Z"}
{"level":"info","message":"[2023-11-10T07:31:44.343Z] GET /api/getDeptDiversityData","timestamp":"2023-11-10T07:31:44.343Z"}
{"level":"info","message":"[2023-11-10T07:31:44.350Z] GET /api/getLocationData","timestamp":"2023-11-10T07:31:44.350Z"}
{"level":"info","message":"[2023-11-10T07:31:44.353Z] GET /api/getDeptLocationData","timestamp":"2023-11-10T07:31:44.353Z"}
{"level":"info","message":"[2023-11-10T07:31:44.356Z] GET /api/getDOJData","timestamp":"2023-11-10T07:31:44.356Z"}
{"level":"info","message":"[2023-11-10T07:31:44.359Z] GET /api/getDOLData","timestamp":"2023-11-10T07:31:44.359Z"}
{"level":"info","message":"[2023-11-10T07:31:48.306Z] GET /api/getEmployees","timestamp":"2023-11-10T07:31:48.306Z"}
{"level":"info","message":"[2023-11-10T07:36:35.609Z] GET /api/getEmployees","timestamp":"2023-11-10T07:36:35.613Z"}
{"level":"info","message":"[2023-11-10T07:36:41.548Z] GET /api/getEmployees","timestamp":"2023-11-10T07:36:41.548Z"}
{"level":"info","message":"[2023-11-10T07:36:44.499Z] GET /api/getEmployees","timestamp":"2023-11-10T07:36:44.499Z"}
{"level":"info","message":"[2023-11-10T07:36:49.503Z] GET /api/getEmployees","timestamp":"2023-11-10T07:36:49.503Z"}
{"level":"info","message":"Server is running on port 5000","timestamp":"2023-11-10T07:37:06.995Z"}
{"level":"info","message":"[2023-11-10T07:37:53.037Z] GET /api/getEmployees","timestamp":"2023-11-10T07:37:53.037Z"}
{"level":"info","message":"[2023-11-10T07:37:54.582Z] GET /api/getEmpTypeData","timestamp":"2023-11-10T07:37:54.582Z"}
{"level":"info","message":"[2023-11-10T07:37:54.592Z] GET /api/getDeptEmpTypeData","timestamp":"2023-11-10T07:37:54.592Z"}
{"level":"info","message":"[2023-11-10T07:37:54.602Z] GET /api/getDiversityData","timestamp":"2023-11-10T07:37:54.602Z"}
{"level":"info","message":"[2023-11-10T07:37:54.608Z] GET /api/getDeptDiversityData","timestamp":"2023-11-10T07:37:54.608Z"}
{"level":"info","message":"[2023-11-10T07:37:54.614Z] GET /api/getLocationData","timestamp":"2023-11-10T07:37:54.614Z"}
{"level":"info","message":"[2023-11-10T07:37:54.623Z] GET /api/getDeptLocationData","timestamp":"2023-11-10T07:37:54.623Z"}
{"level":"info","message":"[2023-11-10T07:37:54.644Z] GET /api/getDOJData","timestamp":"2023-11-10T07:37:54.644Z"}
{"level":"info","message":"[2023-11-10T07:37:54.675Z] GET /api/getDOLData","timestamp":"2023-11-10T07:37:54.675Z"}
{"level":"info","message":"[2023-11-10T07:38:07.081Z] GET /api/getEmployees","timestamp":"2023-11-10T07:38:07.081Z"}
{"level":"info","message":"[2023-11-10T07:51:57.090Z] GET /api/getEmployees","timestamp":"2023-11-10T07:51:57.092Z"}
{"level":"info","message":"[2023-11-10T07:52:04.193Z] OPTIONS /api/updateEmployees","timestamp":"2023-11-10T07:52:04.193Z"}
{"level":"info","message":"[2023-11-10T07:52:04.214Z] POST /api/updateEmployees","timestamp":"2023-11-10T07:52:04.215Z"}
{"level":"info","message":"[2023-11-10T07:52:04.450Z] POST /api/updateEmployees","timestamp":"2023-11-10T07:52:04.450Z"}
{"level":"info","message":"[2023-11-10T07:52:11.472Z] OPTIONS /api/updateEmployees","timestamp":"2023-11-10T07:52:11.472Z"}
{"level":"info","message":"[2023-11-10T07:52:11.478Z] POST /api/updateEmployees","timestamp":"2023-11-10T07:52:11.478Z"}
{"level":"info","message":"[2023-11-10T07:52:11.627Z] POST /api/updateEmployees","timestamp":"2023-11-10T07:52:11.627Z"}
{"level":"info","message":"[2023-11-10T07:52:12.010Z] POST /api/updateEmployees","timestamp":"2023-11-10T07:52:12.010Z"}
{"level":"info","message":"[2023-11-10T07:52:18.427Z] GET /api/getEmpTypeData","timestamp":"2023-11-10T07:52:18.427Z"}
{"level":"info","message":"[2023-11-10T07:52:18.433Z] GET /api/getDeptEmpTypeData","timestamp":"2023-11-10T07:52:18.433Z"}
{"level":"info","message":"[2023-11-10T07:52:18.439Z] GET /api/getDiversityData","timestamp":"2023-11-10T07:52:18.439Z"}
{"level":"info","message":"[2023-11-10T07:52:18.444Z] GET /api/getDeptDiversityData","timestamp":"2023-11-10T07:52:18.444Z"}
{"level":"info","message":"[2023-11-10T07:52:18.449Z] GET /api/getDOJData","timestamp":"2023-11-10T07:52:18.449Z"}
{"level":"info","message":"[2023-11-10T07:52:18.456Z] GET /api/getLocationData","timestamp":"2023-11-10T07:52:18.456Z"}
{"level":"info","message":"[2023-11-10T07:52:18.459Z] GET /api/getDeptLocationData","timestamp":"2023-11-10T07:52:18.459Z"}
{"level":"info","message":"[2023-11-10T07:52:18.462Z] GET /api/getDOLData","timestamp":"2023-11-10T07:52:18.462Z"}
{"level":"info","message":"[2023-11-10T07:52:21.379Z] GET /api/getEmpTypeData","timestamp":"2023-11-10T07:52:21.379Z"}
{"level":"info","message":"[2023-11-10T07:52:21.382Z] GET /api/getDeptEmpTypeData","timestamp":"2023-11-10T07:52:21.382Z"}
{"level":"info","message":"[2023-11-10T07:52:21.386Z] GET /api/getDiversityData","timestamp":"2023-11-10T07:52:21.386Z"}
{"level":"info","message":"[2023-11-10T07:52:21.396Z] GET /api/getDeptDiversityData","timestamp":"2023-11-10T07:52:21.396Z"}
{"level":"info","message":"[2023-11-10T07:52:21.399Z] GET /api/getLocationData","timestamp":"2023-11-10T07:52:21.399Z"}
{"level":"info","message":"[2023-11-10T07:52:21.403Z] GET /api/getDeptLocationData","timestamp":"2023-11-10T07:52:21.403Z"}
{"level":"info","message":"[2023-11-10T07:52:21.406Z] GET /api/getDOJData","timestamp":"2023-11-10T07:52:21.406Z"}
{"level":"info","message":"[2023-11-10T07:52:21.411Z] GET /api/getDOLData","timestamp":"2023-11-10T07:52:21.411Z"}
{"level":"info","message":"[2023-11-10T07:52:30.710Z] GET /api/getEmployees","timestamp":"2023-11-10T07:52:30.710Z"}
{"level":"info","message":"[2023-11-10T07:52:35.570Z] GET /api/getEmployees","timestamp":"2023-11-10T07:52:35.570Z"}
{"level":"info","message":"Server is running on port 5000","timestamp":"2023-11-10T07:53:21.831Z"}
{"level":"info","message":"[2023-11-10T07:53:26.725Z] GET /api/getEmployees","timestamp":"2023-11-10T07:53:26.725Z"}
{"level":"info","message":"[2023-11-10T07:53:32.059Z] GET /api/getEmpTypeData","timestamp":"2023-11-10T07:53:32.059Z"}
{"level":"info","message":"[2023-11-10T07:53:32.069Z] GET /api/getDeptEmpTypeData","timestamp":"2023-11-10T07:53:32.069Z"}
{"level":"info","message":"[2023-11-10T07:53:32.075Z] GET /api/getDiversityData","timestamp":"2023-11-10T07:53:32.075Z"}
{"level":"info","message":"[2023-11-10T07:53:32.080Z] GET /api/getDeptDiversityData","timestamp":"2023-11-10T07:53:32.080Z"}
{"level":"info","message":"[2023-11-10T07:53:32.086Z] GET /api/getLocationData","timestamp":"2023-11-10T07:53:32.086Z"}
{"level":"info","message":"[2023-11-10T07:53:32.091Z] GET /api/getDeptLocationData","timestamp":"2023-11-10T07:53:32.091Z"}
{"level":"info","message":"[2023-11-10T07:53:32.112Z] GET /api/getDOJData","timestamp":"2023-11-10T07:53:32.112Z"}
{"level":"info","message":"[2023-11-10T07:53:32.158Z] GET /api/getDOLData","timestamp":"2023-11-10T07:53:32.158Z"}
{"level":"info","message":"[2023-11-10T07:53:36.686Z] GET /api/getEmployees","timestamp":"2023-11-10T07:53:36.686Z"}
{"level":"info","message":"[2023-11-10T07:53:40.208Z] OPTIONS /api/updateEmployees","timestamp":"2023-11-10T07:53:40.208Z"}
{"level":"info","message":"[2023-11-10T07:53:40.215Z] POST /api/updateEmployees","timestamp":"2023-11-10T07:53:40.215Z"}
{"level":"info","message":"[2023-11-10T07:53:42.043Z] POST /api/updateEmployees","timestamp":"2023-11-10T07:53:42.043Z"}
{"level":"info","message":"[2023-11-10T07:53:54.304Z] GET /api/getEmployees","timestamp":"2023-11-10T07:53:54.304Z"}
{"level":"info","message":"[2023-11-10T07:53:57.095Z] OPTIONS /api/updateEmployees","timestamp":"2023-11-10T07:53:57.095Z"}
{"level":"info","message":"[2023-11-10T07:53:57.100Z] POST /api/updateEmployees","timestamp":"2023-11-10T07:53:57.100Z"}
{"level":"info","message":"[2023-11-10T07:53:58.752Z] POST /api/updateEmployees","timestamp":"2023-11-10T07:53:58.752Z"}
{"level":"info","message":"[2023-11-10T07:53:59.423Z] POST /api/updateEmployees","timestamp":"2023-11-10T07:53:59.423Z"}
{"level":"info","message":"Server is running on port 5000","timestamp":"2023-11-10T08:00:01.418Z"}
{"level":"info","message":"[2023-11-10T08:00:55.378Z] GET /api/getEmployees","timestamp":"2023-11-10T08:00:55.378Z"}
{"level":"info","message":"[2023-11-10T08:00:58.126Z] GET /api/getEmpTypeData","timestamp":"2023-11-10T08:00:58.127Z"}
{"level":"info","message":"[2023-11-10T08:00:58.138Z] GET /api/getDeptEmpTypeData","timestamp":"2023-11-10T08:00:58.139Z"}
{"level":"info","message":"[2023-11-10T08:00:58.147Z] GET /api/getDiversityData","timestamp":"2023-11-10T08:00:58.147Z"}
{"level":"info","message":"[2023-11-10T08:00:58.153Z] GET /api/getDeptDiversityData","timestamp":"2023-11-10T08:00:58.153Z"}
{"level":"info","message":"[2023-11-10T08:00:58.159Z] GET /api/getLocationData","timestamp":"2023-11-10T08:00:58.159Z"}
{"level":"info","message":"[2023-11-10T08:00:58.165Z] GET /api/getDeptLocationData","timestamp":"2023-11-10T08:00:58.165Z"}
{"level":"info","message":"[2023-11-10T08:00:58.190Z] GET /api/getDOJData","timestamp":"2023-11-10T08:00:58.190Z"}
{"level":"info","message":"[2023-11-10T08:00:58.226Z] GET /api/getDOLData","timestamp":"2023-11-10T08:00:58.226Z"}
{"level":"info","message":"[2023-11-10T08:01:05.637Z] GET /api/getEmployees","timestamp":"2023-11-10T08:01:05.637Z"}
{"level":"info","message":"[2023-11-10T08:01:18.537Z] GET /api/getEmpTypeData","timestamp":"2023-11-10T08:01:18.537Z"}
{"level":"info","message":"[2023-11-10T08:01:18.545Z] GET /api/getDeptEmpTypeData","timestamp":"2023-11-10T08:01:18.545Z"}
{"level":"info","message":"[2023-11-10T08:01:18.553Z] GET /api/getDiversityData","timestamp":"2023-11-10T08:01:18.554Z"}
{"level":"info","message":"[2023-11-10T08:01:18.573Z] GET /api/getDeptDiversityData","timestamp":"2023-11-10T08:01:18.573Z"}
{"level":"info","message":"[2023-11-10T08:01:18.595Z] GET /api/getLocationData","timestamp":"2023-11-10T08:01:18.595Z"}
{"level":"info","message":"[2023-11-10T08:01:18.623Z] GET /api/getDeptLocationData","timestamp":"2023-11-10T08:01:18.623Z"}
{"level":"info","message":"[2023-11-10T08:01:18.636Z] GET /api/getDOJData","timestamp":"2023-11-10T08:01:18.636Z"}
{"level":"info","message":"[2023-11-10T08:01:18.647Z] GET /api/getDOLData","timestamp":"2023-11-10T08:01:18.647Z"}
{"level":"info","message":"[2023-11-10T08:01:27.993Z] GET /api/getDOLData","timestamp":"2023-11-10T08:01:27.993Z"}
{"level":"info","message":"[2023-11-10T08:01:33.976Z] GET /api/getDeptLocationData","timestamp":"2023-11-10T08:01:33.976Z"}
